<?xml version="1.0" encoding="UTF-8"?>
<testsuite xmlns:xsi="http://www.w3.org/2001/XMLSchema-instance" xsi:noNamespaceSchemaLocation="https://maven.apache.org/surefire/maven-surefire-plugin/xsd/surefire-test-report.xsd" name="io.pivotal.petclinic.owner.VisitControllerTests" time="1.419" tests="3" errors="0" skipped="0" failures="0">
  <properties>
[...]
</properties>
  <testcase name="testProcessNewVisitFormHasErrors" classname="io.pivotal.petclinic.owner.VisitControllerTests" time="0.075"/>
  <testcase name="testProcessNewVisitFormSuccess" classname="io.pivotal.petclinic.owner.VisitControllerTests" time="0.01"/>
  <testcase name="testInitNewVisitForm" classname="io.pivotal.petclinic.owner.VisitControllerTests" time="0.013"/>
</testsuite>